This file contains any messages produced by compilers while
running configure, to aid debugging if configure makes a mistake.

It was created by htmlstreamparser configure 0.4, which was
generated by GNU Autoconf 2.69.  Invocation command line was

  $ ./configure 

## --------- ##
## Platform. ##
## --------- ##

hostname = cluster42
uname -m = x86_64
uname -r = 4.13.0-39-generic
uname -s = Linux
uname -v = #44~16.04.1-Ubuntu SMP Thu Apr 5 16:43:10 UTC 2018

/usr/bin/uname -p = unknown
/bin/uname -X     = unknown

/bin/arch              = unknown
/usr/bin/arch -k       = unknown
/usr/convex/getsysinfo = unknown
/usr/bin/hostinfo      = unknown
/bin/machine           = unknown
/usr/bin/oslevel       = unknown
/bin/universe          = unknown

PATH: /home/yxh641/bin
PATH: /home/yxh641/.local/bin
PATH: /usr/local/sbin
PATH: /usr/local/bin
PATH: /usr/sbin
PATH: /usr/bin
PATH: /sbin
PATH: /bin
PATH: /usr/games
PATH: /usr/local/games
PATH: /snap/bin


## ----------- ##
## Core tests. ##
## ----------- ##

configure:2301: checking for a BSD-compatible install
configure:2369: result: /usr/bin/install -c
configure:2380: checking whether build environment is sane
configure:2430: result: yes
configure:2571: checking for a thread-safe mkdir -p
configure:2610: result: /bin/mkdir -p
configure:2623: checking for gawk
configure:2653: result: no
configure:2623: checking for mawk
configure:2639: found /usr/bin/mawk
configure:2650: result: mawk
configure:2661: checking whether make sets $(MAKE)
configure:2683: result: yes
configure:2792: checking build system type
configure:2806: result: x86_64-unknown-linux-gnu
configure:2826: checking host system type
configure:2839: result: x86_64-unknown-linux-gnu
configure:2880: checking how to print strings
configure:2907: result: printf
configure:2940: checking for style of include used by make
configure:2968: result: GNU
configure:3039: checking for gcc
configure:3055: found /usr/bin/gcc
configure:3066: result: gcc
configure:3295: checking for C compiler version
configure:3304: gcc --version >&5
gcc (Ubuntu 5.4.0-6ubuntu1~16.04.9) 5.4.0 20160609
Copyright (C) 2015 Free Software Foundation, Inc.
This is free software; see the source for copying conditions.  There is NO
warranty; not even for MERCHANTABILITY or FITNESS FOR A PARTICULAR PURPOSE.

configure:3315: $? = 0
configure:3304: gcc -v >&5
Using built-in specs.
COLLECT_GCC=gcc
COLLECT_LTO_WRAPPER=/usr/lib/gcc/x86_64-linux-gnu/5/lto-wrapper
Target: x86_64-linux-gnu
Configured with: ../src/configure -v --with-pkgversion='Ubuntu 5.4.0-6ubuntu1~16.04.9' --with-bugurl=file:///usr/share/doc/gcc-5/README.Bugs --enable-languages=c,ada,c++,java,go,d,fortran,objc,obj-c++ --prefix=/usr --program-suffix=-5 --enable-shared --enable-linker-build-id --libexecdir=/usr/lib --without-included-gettext --enable-threads=posix --libdir=/usr/lib --enable-nls --with-sysroot=/ --enable-clocale=gnu --enable-libstdcxx-debug --enable-libstdcxx-time=yes --with-default-libstdcxx-abi=new --enable-gnu-unique-object --disable-vtable-verify --enable-libmpx --enable-plugin --with-system-zlib --disable-browser-plugin --enable-java-awt=gtk --enable-gtk-cairo --with-java-home=/usr/lib/jvm/java-1.5.0-gcj-5-amd64/jre --enable-java-home --with-jvm-root-dir=/usr/lib/jvm/java-1.5.0-gcj-5-amd64 --with-jvm-jar-dir=/usr/lib/jvm-exports/java-1.5.0-gcj-5-amd64 --with-arch-directory=amd64 --with-ecj-jar=/usr/share/java/eclipse-ecj.jar --enable-objc-gc --enable-multiarch --disable-werror --with-arch-32=i686 --with-abi=m64 --with-multilib-list=m32,m64,mx32 --enable-multilib --with-tune=generic --enable-checking=release --build=x86_64-linux-gnu --host=x86_64-linux-gnu --target=x86_64-linux-gnu
Thread model: posix
gcc version 5.4.0 20160609 (Ubuntu 5.4.0-6ubuntu1~16.04.9) 
configure:3315: $? = 0
configure:3304: gcc -V >&5
gcc: error: unrecognized command line option '-V'
gcc: fatal error: no input files
compilation terminated.
configure:3315: $? = 1
configure:3304: gcc -qversion >&5
gcc: error: unrecognized command line option '-qversion'
gcc: fatal error: no input files
compilation terminated.
configure:3315: $? = 1
configure:3335: checking whether the C compiler works
configure:3357: gcc    conftest.c  >&5
configure:3361: $? = 0
configure:3409: result: yes
configure:3412: checking for C compiler default output file name
configure:3414: result: a.out
configure:3420: checking for suffix of executables
configure:3427: gcc -o conftest    conftest.c  >&5
configure:3431: $? = 0
configure:3453: result: 
configure:3475: checking whether we are cross compiling
configure:3483: gcc -o conftest    conftest.c  >&5
configure:3487: $? = 0
configure:3494: ./conftest
configure:3498: $? = 0
configure:3513: result: no
configure:3518: checking for suffix of object files
configure:3540: gcc -c   conftest.c >&5
configure:3544: $? = 0
configure:3565: result: o
configure:3569: checking whether we are using the GNU C compiler
configure:3588: gcc -c   conftest.c >&5
configure:3588: $? = 0
configure:3597: result: yes
configure:3606: checking whether gcc accepts -g
configure:3626: gcc -c -g  conftest.c >&5
configure:3626: $? = 0
configure:3667: result: yes
configure:3684: checking for gcc option to accept ISO C89
configure:3747: gcc  -c -g -O2  conftest.c >&5
configure:3747: $? = 0
configure:3760: result: none needed
configure:3782: checking dependency style of gcc
configure:3893: result: gcc3
configure:3908: checking for a sed that does not truncate output
configure:3972: result: /bin/sed
configure:3990: checking for grep that handles long lines and -e
configure:4048: result: /bin/grep
configure:4053: checking for egrep
configure:4115: result: /bin/grep -E
configure:4120: checking for fgrep
configure:4182: result: /bin/grep -F
configure:4217: checking for ld used by gcc
configure:4284: result: /usr/bin/ld
configure:4291: checking if the linker (/usr/bin/ld) is GNU ld
configure:4306: result: yes
configure:4318: checking for BSD- or MS-compatible name lister (nm)
configure:4367: result: /usr/bin/nm -B
configure:4497: checking the name lister (/usr/bin/nm -B) interface
configure:4504: gcc -c -g -O2  conftest.c >&5
configure:4507: /usr/bin/nm -B "conftest.o"
configure:4510: output
0000000000000000 B some_variable
configure:4517: result: BSD nm
configure:4520: checking whether ln -s works
configure:4524: result: yes
configure:4532: checking the maximum length of command line arguments
configure:4662: result: 1572864
configure:4679: checking whether the shell understands some XSI constructs
configure:4689: result: yes
configure:4693: checking whether the shell understands "+="
configure:4699: result: yes
configure:4734: checking how to convert x86_64-unknown-linux-gnu file names to x86_64-unknown-linux-gnu format
configure:4774: result: func_convert_file_noop
configure:4781: checking how to convert x86_64-unknown-linux-gnu file names to toolchain format
configure:4801: result: func_convert_file_noop
configure:4808: checking for /usr/bin/ld option to reload object files
configure:4815: result: -r
configure:4889: checking for objdump
configure:4905: found /usr/bin/objdump
configure:4916: result: objdump
configure:4948: checking how to recognize dependent libraries
configure:5150: result: pass_all
configure:5235: checking for dlltool
configure:5265: result: no
configure:5295: checking how to associate runtime and link libraries
configure:5322: result: printf %s\n
configure:5383: checking for ar
configure:5399: found /usr/bin/ar
configure:5410: result: ar
configure:5447: checking for archiver @FILE support
configure:5464: gcc -c -g -O2  conftest.c >&5
configure:5464: $? = 0
configure:5467: ar cru libconftest.a @conftest.lst >&5
ar: `u' modifier ignored since `D' is the default (see `U')
configure:5470: $? = 0
configure:5475: ar cru libconftest.a @conftest.lst >&5
ar: `u' modifier ignored since `D' is the default (see `U')
ar: conftest.o: No such file or directory
configure:5478: $? = 1
configure:5490: result: @
configure:5548: checking for strip
configure:5564: found /usr/bin/strip
configure:5575: result: strip
configure:5647: checking for ranlib
configure:5663: found /usr/bin/ranlib
configure:5674: result: ranlib
configure:5776: checking command to parse /usr/bin/nm -B output from gcc object
configure:5896: gcc -c -g -O2  conftest.c >&5
configure:5899: $? = 0
configure:5903: /usr/bin/nm -B conftest.o \| sed -n -e 's/^.*[ ]\([ABCDGIRSTW][ABCDGIRSTW]*\)[ ][ ]*\([_A-Za-z][_A-Za-z0-9]*\)$/\1 \2 \2/p' | sed '/ __gnu_lto/d' \> conftest.nm
configure:5906: $? = 0
configure:5972: gcc -o conftest -g -O2   conftest.c conftstm.o >&5
configure:5975: $? = 0
configure:6013: result: ok
configure:6050: checking for sysroot
configure:6080: result: no
configure:6157: gcc -c -g -O2  conftest.c >&5
configure:6160: $? = 0
configure:6336: checking for mt
configure:6352: found /bin/mt
configure:6363: result: mt
configure:6386: checking if mt is a manifest tool
configure:6392: mt '-?'
configure:6400: result: no
configure:7042: checking how to run the C preprocessor
configure:7073: gcc -E  conftest.c
configure:7073: $? = 0
configure:7087: gcc -E  conftest.c
conftest.c:11:28: fatal error: ac_nonexistent.h: No such file or directory
compilation terminated.
configure:7087: $? = 1
configure: failed program was:
| /* confdefs.h */
| #define PACKAGE_NAME "htmlstreamparser"
| #define PACKAGE_TARNAME "htmlstreamparser"
| #define PACKAGE_VERSION "0.4"
| #define PACKAGE_STRING "htmlstreamparser 0.4"
| #define PACKAGE_BUGREPORT ""
| #define PACKAGE_URL ""
| #define PACKAGE "htmlstreamparser"
| #define VERSION "0.4"
| /* end confdefs.h.  */
| #include <ac_nonexistent.h>
configure:7112: result: gcc -E
configure:7132: gcc -E  conftest.c
configure:7132: $? = 0
configure:7146: gcc -E  conftest.c
conftest.c:11:28: fatal error: ac_nonexistent.h: No such file or directory
compilation terminated.
configure:7146: $? = 1
configure: failed program was:
| /* confdefs.h */
| #define PACKAGE_NAME "htmlstreamparser"
| #define PACKAGE_TARNAME "htmlstreamparser"
| #define PACKAGE_VERSION "0.4"
| #define PACKAGE_STRING "htmlstreamparser 0.4"
| #define PACKAGE_BUGREPORT ""
| #define PACKAGE_URL ""
| #define PACKAGE "htmlstreamparser"
| #define VERSION "0.4"
| /* end confdefs.h.  */
| #include <ac_nonexistent.h>
configure:7175: checking for ANSI C header files
configure:7195: gcc -c -g -O2  conftest.c >&5
configure:7195: $? = 0
configure:7268: gcc -o conftest -g -O2   conftest.c  >&5
configure:7268: $? = 0
configure:7268: ./conftest
configure:7268: $? = 0
configure:7279: result: yes
configure:7292: checking for sys/types.h
configure:7292: gcc -c -g -O2  conftest.c >&5
configure:7292: $? = 0
configure:7292: result: yes
configure:7292: checking for sys/stat.h
configure:7292: gcc -c -g -O2  conftest.c >&5
configure:7292: $? = 0
configure:7292: result: yes
configure:7292: checking for stdlib.h
configure:7292: gcc -c -g -O2  conftest.c >&5
configure:7292: $? = 0
configure:7292: result: yes
configure:7292: checking for string.h
configure:7292: gcc -c -g -O2  conftest.c >&5
configure:7292: $? = 0
configure:7292: result: yes
configure:7292: checking for memory.h
configure:7292: gcc -c -g -O2  conftest.c >&5
configure:7292: $? = 0
configure:7292: result: yes
configure:7292: checking for strings.h
configure:7292: gcc -c -g -O2  conftest.c >&5
configure:7292: $? = 0
configure:7292: result: yes
configure:7292: checking for inttypes.h
configure:7292: gcc -c -g -O2  conftest.c >&5
configure:7292: $? = 0
configure:7292: result: yes
configure:7292: checking for stdint.h
configure:7292: gcc -c -g -O2  conftest.c >&5
configure:7292: $? = 0
configure:7292: result: yes
configure:7292: checking for unistd.h
configure:7292: gcc -c -g -O2  conftest.c >&5
configure:7292: $? = 0
configure:7292: result: yes
configure:7306: checking for dlfcn.h
configure:7306: gcc -c -g -O2  conftest.c >&5
configure:7306: $? = 0
configure:7306: result: yes
configure:7512: checking for objdir
configure:7527: result: .libs
configure:7794: checking if gcc supports -fno-rtti -fno-exceptions
configure:7812: gcc -c -g -O2  -fno-rtti -fno-exceptions conftest.c >&5
cc1: warning: command line option '-fno-rtti' is valid for C++/ObjC++ but not for C
configure:7816: $? = 0
configure:7829: result: no
configure:8156: checking for gcc option to produce PIC
configure:8163: result: -fPIC -DPIC
configure:8171: checking if gcc PIC flag -fPIC -DPIC works
configure:8189: gcc -c -g -O2  -fPIC -DPIC -DPIC conftest.c >&5
configure:8193: $? = 0
configure:8206: result: yes
configure:8235: checking if gcc static flag -static works
configure:8263: result: yes
configure:8278: checking if gcc supports -c -o file.o
configure:8299: gcc -c -g -O2  -o out/conftest2.o conftest.c >&5
configure:8303: $? = 0
configure:8325: result: yes
configure:8333: checking if gcc supports -c -o file.o
configure:8380: result: yes
configure:8413: checking whether the gcc linker (/usr/bin/ld -m elf_x86_64) supports shared libraries
configure:9570: result: yes
configure:9607: checking whether -lc should be explicitly linked in
configure:9615: gcc -c -g -O2  conftest.c >&5
configure:9618: $? = 0
configure:9633: gcc -shared  -fPIC -DPIC conftest.o  -v -Wl,-soname -Wl,conftest -o conftest 2\>\&1 \| /bin/grep  -lc  \>/dev/null 2\>\&1
configure:9636: $? = 0
configure:9650: result: no
configure:9810: checking dynamic linker characteristics
configure:10321: gcc -o conftest -g -O2   -Wl,-rpath -Wl,/foo conftest.c  >&5
configure:10321: $? = 0
configure:10555: result: GNU/Linux ld.so
configure:10662: checking how to hardcode library paths into programs
configure:10687: result: immediate
configure:11227: checking whether stripping libraries is possible
configure:11232: result: yes
configure:11267: checking if libtool supports shared libraries
configure:11269: result: yes
configure:11272: checking whether to build shared libraries
configure:11293: result: yes
configure:11296: checking whether to build static libraries
configure:11300: result: yes
configure:11390: checking for gcc
configure:11417: result: gcc
configure:11646: checking for C compiler version
configure:11655: gcc --version >&5
gcc (Ubuntu 5.4.0-6ubuntu1~16.04.9) 5.4.0 20160609
Copyright (C) 2015 Free Software Foundation, Inc.
This is free software; see the source for copying conditions.  There is NO
warranty; not even for MERCHANTABILITY or FITNESS FOR A PARTICULAR PURPOSE.

configure:11666: $? = 0
configure:11655: gcc -v >&5
Using built-in specs.
COLLECT_GCC=gcc
COLLECT_LTO_WRAPPER=/usr/lib/gcc/x86_64-linux-gnu/5/lto-wrapper
Target: x86_64-linux-gnu
Configured with: ../src/configure -v --with-pkgversion='Ubuntu 5.4.0-6ubuntu1~16.04.9' --with-bugurl=file:///usr/share/doc/gcc-5/README.Bugs --enable-languages=c,ada,c++,java,go,d,fortran,objc,obj-c++ --prefix=/usr --program-suffix=-5 --enable-shared --enable-linker-build-id --libexecdir=/usr/lib --without-included-gettext --enable-threads=posix --libdir=/usr/lib --enable-nls --with-sysroot=/ --enable-clocale=gnu --enable-libstdcxx-debug --enable-libstdcxx-time=yes --with-default-libstdcxx-abi=new --enable-gnu-unique-object --disable-vtable-verify --enable-libmpx --enable-plugin --with-system-zlib --disable-browser-plugin --enable-java-awt=gtk --enable-gtk-cairo --with-java-home=/usr/lib/jvm/java-1.5.0-gcj-5-amd64/jre --enable-java-home --with-jvm-root-dir=/usr/lib/jvm/java-1.5.0-gcj-5-amd64 --with-jvm-jar-dir=/usr/lib/jvm-exports/java-1.5.0-gcj-5-amd64 --with-arch-directory=amd64 --with-ecj-jar=/usr/share/java/eclipse-ecj.jar --enable-objc-gc --enable-multiarch --disable-werror --with-arch-32=i686 --with-abi=m64 --with-multilib-list=m32,m64,mx32 --enable-multilib --with-tune=generic --enable-checking=release --build=x86_64-linux-gnu --host=x86_64-linux-gnu --target=x86_64-linux-gnu
Thread model: posix
gcc version 5.4.0 20160609 (Ubuntu 5.4.0-6ubuntu1~16.04.9) 
configure:11666: $? = 0
configure:11655: gcc -V >&5
gcc: error: unrecognized command line option '-V'
gcc: fatal error: no input files
compilation terminated.
configure:11666: $? = 1
configure:11655: gcc -qversion >&5
gcc: error: unrecognized command line option '-qversion'
gcc: fatal error: no input files
compilation terminated.
configure:11666: $? = 1
configure:11670: checking whether we are using the GNU C compiler
configure:11698: result: yes
configure:11707: checking whether gcc accepts -g
configure:11768: result: yes
configure:11785: checking for gcc option to accept ISO C89
configure:11861: result: none needed
configure:11883: checking dependency style of gcc
configure:11994: result: gcc3
configure:12016: checking for stdlib.h
configure:12016: result: yes
configure:12016: checking for string.h
configure:12016: result: yes
configure:12028: checking for inline
configure:12044: gcc -c -g -O2  conftest.c >&5
configure:12044: $? = 0
configure:12052: result: inline
configure:12070: checking for size_t
configure:12070: gcc -c -g -O2  conftest.c >&5
configure:12070: $? = 0
configure:12070: gcc -c -g -O2  conftest.c >&5
conftest.c: In function 'main':
conftest.c:61:21: error: expected expression before ')' token
 if (sizeof ((size_t)))
                     ^
configure:12070: $? = 1
configure: failed program was:
| /* confdefs.h */
| #define PACKAGE_NAME "htmlstreamparser"
| #define PACKAGE_TARNAME "htmlstreamparser"
| #define PACKAGE_VERSION "0.4"
| #define PACKAGE_STRING "htmlstreamparser 0.4"
| #define PACKAGE_BUGREPORT ""
| #define PACKAGE_URL ""
| #define PACKAGE "htmlstreamparser"
| #define VERSION "0.4"
| #define STDC_HEADERS 1
| #define HAVE_SYS_TYPES_H 1
| #define HAVE_SYS_STAT_H 1
| #define HAVE_STDLIB_H 1
| #define HAVE_STRING_H 1
| #define HAVE_MEMORY_H 1
| #define HAVE_STRINGS_H 1
| #define HAVE_INTTYPES_H 1
| #define HAVE_STDINT_H 1
| #define HAVE_UNISTD_H 1
| #define HAVE_DLFCN_H 1
| #define LT_OBJDIR ".libs/"
| #define HAVE_STDLIB_H 1
| #define HAVE_STRING_H 1
| /* end confdefs.h.  */
| #include <stdio.h>
| #ifdef HAVE_SYS_TYPES_H
| # include <sys/types.h>
| #endif
| #ifdef HAVE_SYS_STAT_H
| # include <sys/stat.h>
| #endif
| #ifdef STDC_HEADERS
| # include <stdlib.h>
| # include <stddef.h>
| #else
| # ifdef HAVE_STDLIB_H
| #  include <stdlib.h>
| # endif
| #endif
| #ifdef HAVE_STRING_H
| # if !defined STDC_HEADERS && defined HAVE_MEMORY_H
| #  include <memory.h>
| # endif
| # include <string.h>
| #endif
| #ifdef HAVE_STRINGS_H
| # include <strings.h>
| #endif
| #ifdef HAVE_INTTYPES_H
| # include <inttypes.h>
| #endif
| #ifdef HAVE_STDINT_H
| # include <stdint.h>
| #endif
| #ifdef HAVE_UNISTD_H
| # include <unistd.h>
| #endif
| int
| main ()
| {
| if (sizeof ((size_t)))
| 	    return 0;
|   ;
|   return 0;
| }
configure:12070: result: yes
configure:12085: checking for stdlib.h
configure:12085: result: yes
configure:12095: checking for GNU libc compatible malloc
configure:12119: gcc -o conftest -g -O2   conftest.c  >&5
configure:12119: $? = 0
configure:12119: ./conftest
configure:12119: $? = 0
configure:12129: result: yes
configure:12152: checking for memset
configure:12152: gcc -o conftest -g -O2   conftest.c  >&5
conftest.c:50:6: warning: conflicting types for built-in function 'memset'
 char memset ();
      ^
configure:12152: $? = 0
configure:12152: result: yes
configure:12298: creating ./config.status

## ---------------------- ##
## Running config.status. ##
## ---------------------- ##

This file was extended by htmlstreamparser config.status 0.4, which was
generated by GNU Autoconf 2.69.  Invocation command line was

  CONFIG_FILES    = 
  CONFIG_HEADERS  = 
  CONFIG_LINKS    = 
  CONFIG_COMMANDS = 
  $ ./config.status 

on cluster42

config.status:1083: creating Makefile
config.status:1083: creating src/Makefile
config.status:1083: creating config.h
config.status:1264: config.h is unchanged
config.status:1312: executing depfiles commands
config.status:1312: executing libtool commands

## ---------------- ##
## Cache variables. ##
## ---------------- ##

ac_cv_build=x86_64-unknown-linux-gnu
ac_cv_c_compiler_gnu=yes
ac_cv_c_inline=inline
ac_cv_env_CC_set=
ac_cv_env_CC_value=
ac_cv_env_CFLAGS_set=
ac_cv_env_CFLAGS_value=
ac_cv_env_CPPFLAGS_set=
ac_cv_env_CPPFLAGS_value=
ac_cv_env_CPP_set=
ac_cv_env_CPP_value=
ac_cv_env_LDFLAGS_set=
ac_cv_env_LDFLAGS_value=
ac_cv_env_LIBS_set=
ac_cv_env_LIBS_value=
ac_cv_env_build_alias_set=
ac_cv_env_build_alias_value=
ac_cv_env_host_alias_set=
ac_cv_env_host_alias_value=
ac_cv_env_target_alias_set=
ac_cv_env_target_alias_value=
ac_cv_func_malloc_0_nonnull=yes
ac_cv_func_memset=yes
ac_cv_header_dlfcn_h=yes
ac_cv_header_inttypes_h=yes
ac_cv_header_memory_h=yes
ac_cv_header_stdc=yes
ac_cv_header_stdint_h=yes
ac_cv_header_stdlib_h=yes
ac_cv_header_string_h=yes
ac_cv_header_strings_h=yes
ac_cv_header_sys_stat_h=yes
ac_cv_header_sys_types_h=yes
ac_cv_header_unistd_h=yes
ac_cv_host=x86_64-unknown-linux-gnu
ac_cv_objext=o
ac_cv_path_EGREP='/bin/grep -E'
ac_cv_path_FGREP='/bin/grep -F'
ac_cv_path_GREP=/bin/grep
ac_cv_path_SED=/bin/sed
ac_cv_path_install='/usr/bin/install -c'
ac_cv_path_mkdir=/bin/mkdir
ac_cv_prog_AWK=mawk
ac_cv_prog_CPP='gcc -E'
ac_cv_prog_ac_ct_AR=ar
ac_cv_prog_ac_ct_CC=gcc
ac_cv_prog_ac_ct_MANIFEST_TOOL=mt
ac_cv_prog_ac_ct_OBJDUMP=objdump
ac_cv_prog_ac_ct_RANLIB=ranlib
ac_cv_prog_ac_ct_STRIP=strip
ac_cv_prog_cc_c89=
ac_cv_prog_cc_g=yes
ac_cv_prog_make_make_set=yes
ac_cv_type_size_t=yes
am_cv_CC_dependencies_compiler_type=gcc3
lt_cv_ar_at_file=@
lt_cv_archive_cmds_need_lc=no
lt_cv_deplibs_check_method=pass_all
lt_cv_file_magic_cmd='$MAGIC_CMD'
lt_cv_file_magic_test_file=
lt_cv_ld_reload_flag=-r
lt_cv_nm_interface='BSD nm'
lt_cv_objdir=.libs
lt_cv_path_LD=/usr/bin/ld
lt_cv_path_NM='/usr/bin/nm -B'
lt_cv_path_mainfest_tool=no
lt_cv_prog_compiler_c_o=yes
lt_cv_prog_compiler_pic='-fPIC -DPIC'
lt_cv_prog_compiler_pic_works=yes
lt_cv_prog_compiler_rtti_exceptions=no
lt_cv_prog_compiler_static_works=yes
lt_cv_prog_gnu_ld=yes
lt_cv_sharedlib_from_linklib_cmd='printf %s\n'
lt_cv_shlibpath_overrides_runpath=no
lt_cv_sys_global_symbol_pipe='sed -n -e '\''s/^.*[	 ]\([ABCDGIRSTW][ABCDGIRSTW]*\)[	 ][	 ]*\([_A-Za-z][_A-Za-z0-9]*\)$/\1 \2 \2/p'\'' | sed '\''/ __gnu_lto/d'\'''
lt_cv_sys_global_symbol_to_c_name_address='sed -n -e '\''s/^: \([^ ]*\)[ ]*$/  {\"\1\", (void *) 0},/p'\'' -e '\''s/^[ABCDGIRSTW]* \([^ ]*\) \([^ ]*\)$/  {"\2", (void *) \&\2},/p'\'''
lt_cv_sys_global_symbol_to_c_name_address_lib_prefix='sed -n -e '\''s/^: \([^ ]*\)[ ]*$/  {\"\1\", (void *) 0},/p'\'' -e '\''s/^[ABCDGIRSTW]* \([^ ]*\) \(lib[^ ]*\)$/  {"\2", (void *) \&\2},/p'\'' -e '\''s/^[ABCDGIRSTW]* \([^ ]*\) \([^ ]*\)$/  {"lib\2", (void *) \&\2},/p'\'''
lt_cv_sys_global_symbol_to_cdecl='sed -n -e '\''s/^T .* \(.*\)$/extern int \1();/p'\'' -e '\''s/^[ABCDGIRSTW]* .* \(.*\)$/extern char \1;/p'\'''
lt_cv_sys_max_cmd_len=1572864
lt_cv_to_host_file_cmd=func_convert_file_noop
lt_cv_to_tool_file_cmd=func_convert_file_noop

## ----------------- ##
## Output variables. ##
## ----------------- ##

ACLOCAL='${SHELL} /home/yxh641/certificate_crawler/dependent_library/htmlstreamparser-0.4/missing --run aclocal-1.11'
AMDEPBACKSLASH='\'
AMDEP_FALSE='#'
AMDEP_TRUE=''
AMTAR='$${TAR-tar}'
AR='ar'
AUTOCONF='${SHELL} /home/yxh641/certificate_crawler/dependent_library/htmlstreamparser-0.4/missing --run autoconf'
AUTOHEADER='${SHELL} /home/yxh641/certificate_crawler/dependent_library/htmlstreamparser-0.4/missing --run autoheader'
AUTOMAKE='${SHELL} /home/yxh641/certificate_crawler/dependent_library/htmlstreamparser-0.4/missing --run automake-1.11'
AWK='mawk'
CC='gcc'
CCDEPMODE='depmode=gcc3'
CFLAGS='-g -O2'
CPP='gcc -E'
CPPFLAGS=''
CYGPATH_W='echo'
DEFS='-DHAVE_CONFIG_H'
DEPDIR='.deps'
DLLTOOL='false'
DSYMUTIL=''
DUMPBIN=''
ECHO_C=''
ECHO_N='-n'
ECHO_T=''
EGREP='/bin/grep -E'
EXEEXT=''
FGREP='/bin/grep -F'
GREP='/bin/grep'
INSTALL_DATA='${INSTALL} -m 644'
INSTALL_PROGRAM='${INSTALL}'
INSTALL_SCRIPT='${INSTALL}'
INSTALL_STRIP_PROGRAM='$(install_sh) -c -s'
LD='/usr/bin/ld -m elf_x86_64'
LDFLAGS=''
LIBOBJS=''
LIBS=''
LIBTOOL='$(SHELL) $(top_builddir)/libtool'
LIPO=''
LN_S='ln -s'
LTLIBOBJS=''
MAKEINFO='${SHELL} /home/yxh641/certificate_crawler/dependent_library/htmlstreamparser-0.4/missing --run makeinfo'
MANIFEST_TOOL=':'
MKDIR_P='/bin/mkdir -p'
NM='/usr/bin/nm -B'
NMEDIT=''
OBJDUMP='objdump'
OBJEXT='o'
OTOOL64=''
OTOOL=''
PACKAGE='htmlstreamparser'
PACKAGE_BUGREPORT=''
PACKAGE_NAME='htmlstreamparser'
PACKAGE_STRING='htmlstreamparser 0.4'
PACKAGE_TARNAME='htmlstreamparser'
PACKAGE_URL=''
PACKAGE_VERSION='0.4'
PATH_SEPARATOR=':'
RANLIB='ranlib'
SED='/bin/sed'
SET_MAKE=''
SHELL='/bin/bash'
STRIP='strip'
VERSION='0.4'
ac_ct_AR='ar'
ac_ct_CC='gcc'
ac_ct_DUMPBIN=''
am__EXEEXT_FALSE=''
am__EXEEXT_TRUE='#'
am__fastdepCC_FALSE='#'
am__fastdepCC_TRUE=''
am__include='include'
am__isrc=''
am__leading_dot='.'
am__nodep='_no'
am__quote=''
am__tar='$${TAR-tar} chof - "$$tardir"'
am__untar='$${TAR-tar} xf -'
bindir='${exec_prefix}/bin'
build='x86_64-unknown-linux-gnu'
build_alias=''
build_cpu='x86_64'
build_os='linux-gnu'
build_vendor='unknown'
datadir='${datarootdir}'
datarootdir='${prefix}/share'
docdir='${datarootdir}/doc/${PACKAGE_TARNAME}'
dvidir='${docdir}'
exec_prefix='${prefix}'
host='x86_64-unknown-linux-gnu'
host_alias=''
host_cpu='x86_64'
host_os='linux-gnu'
host_vendor='unknown'
htmldir='${docdir}'
includedir='${prefix}/include'
infodir='${datarootdir}/info'
install_sh='${SHELL} /home/yxh641/certificate_crawler/dependent_library/htmlstreamparser-0.4/install-sh'
libdir='${exec_prefix}/lib'
libexecdir='${exec_prefix}/libexec'
localedir='${datarootdir}/locale'
localstatedir='${prefix}/var'
mandir='${datarootdir}/man'
mkdir_p='/bin/mkdir -p'
oldincludedir='/usr/include'
pdfdir='${docdir}'
prefix='/usr/local'
program_transform_name='s,x,x,'
psdir='${docdir}'
runstatedir='${localstatedir}/run'
sbindir='${exec_prefix}/sbin'
sharedstatedir='${prefix}/com'
sysconfdir='${prefix}/etc'
target_alias=''

## ----------- ##
## confdefs.h. ##
## ----------- ##

/* confdefs.h */
#define PACKAGE_NAME "htmlstreamparser"
#define PACKAGE_TARNAME "htmlstreamparser"
#define PACKAGE_VERSION "0.4"
#define PACKAGE_STRING "htmlstreamparser 0.4"
#define PACKAGE_BUGREPORT ""
#define PACKAGE_URL ""
#define PACKAGE "htmlstreamparser"
#define VERSION "0.4"
#define STDC_HEADERS 1
#define HAVE_SYS_TYPES_H 1
#define HAVE_SYS_STAT_H 1
#define HAVE_STDLIB_H 1
#define HAVE_STRING_H 1
#define HAVE_MEMORY_H 1
#define HAVE_STRINGS_H 1
#define HAVE_INTTYPES_H 1
#define HAVE_STDINT_H 1
#define HAVE_UNISTD_H 1
#define HAVE_DLFCN_H 1
#define LT_OBJDIR ".libs/"
#define HAVE_STDLIB_H 1
#define HAVE_STRING_H 1
#define HAVE_STDLIB_H 1
#define HAVE_MALLOC 1
#define HAVE_MEMSET 1

configure: exit 0
